<?xml version="1.0" encoding="UTF-8"?>
<!-- Generated by org.testng.reporters.JUnitReportReporter -->
<testsuite skipped="0" hostname="DEEPAK-PC" name="ObjectRepository.LoginTest" tests="3" failures="0" timestamp="2020-07-17T23:07:25 IST" time="111.350" errors="0">
  <testcase name="BasicInfoFill" time="37.950" classname="ObjectRepository.LoginTest"/>
  <system-out/>
  <testcase name="login" time="64.508" classname="ObjectRepository.LoginTest"/>
  <system-out/>
  <testcase name="FarmerHome" time="8.892" classname="ObjectRepository.LoginTest"/>
  <system-out/>
</testsuite> <!-- ObjectRepository.LoginTest -->
