<?xml version="1.0" encoding="UTF-8"?>
<!-- Generated by org.testng.reporters.JUnitReportReporter -->
<testsuite skipped="0" hostname="DEEPAK-PC" name="FunctionalTestExtendReport.VerifyDuplicateValues" tests="2" failures="0" timestamp="2020-07-30T16:14:12 IST" time="181.187" errors="0">
  <testcase name="login" time="73.853" classname="FunctionalTestExtendReport.VerifyDuplicateValues"/>
  <system-out/>
  <testcase name="duplicateMobileNumber" time="107.334" classname="FunctionalTestExtendReport.VerifyDuplicateValues"/>
  <system-out/>
</testsuite> <!-- FunctionalTestExtendReport.VerifyDuplicateValues -->
