<?xml version="1.0" encoding="UTF-8"?>
<!-- Generated by org.testng.reporters.JUnitReportReporter -->
<testsuite skipped="0" hostname="DEEPAK-PC" name="FunctionalTest.NewFarmerRegistration" tests="2" failures="0" timestamp="2020-07-28T15:43:14 IST" time="149.902" errors="0">
  <testcase name="setUp" time="65.443" classname="FunctionalTest.NewFarmerRegistration"/>
  <system-out/>
  <testcase name="EntryForm" time="84.459" classname="FunctionalTest.NewFarmerRegistration"/>
  <system-out/>
</testsuite> <!-- FunctionalTest.NewFarmerRegistration -->
